#
# A fatal error has been detected by the Java Runtime Environment:
#
#  SIGSEGV (0xb) at pc=0x00000001257818e3, pid=34586, tid=2571
#
# JRE version: Java(TM) SE Runtime Environment (7.0_80-b15) (build 1.7.0_80-b15)
# Java VM: Java HotSpot(TM) 64-Bit Server VM (24.80-b11 mixed mode bsd-amd64 compressed oops)
# Problematic frame:
# C  [libglass.dylib+0x158e3]  GlassScreenDidChangeScreenParameters+0x13
#
# Failed to write core dump. Core dumps have been disabled. To enable core dumping, try "ulimit -c unlimited" before starting Java again
#
# If you would like to submit a bug report, please visit:
#   http://bugreport.java.com/bugreport/crash.jsp
# The crash happened outside the Java Virtual Machine in native code.
# See problematic frame for where to report the bug.
#

---------------  T H R E A D  ---------------

Current thread (0x00007fb90b003000):  JavaThread "AWT-AppKit" daemon [_thread_in_native, id=2571, stack(0x00007fff55928000,0x00007fff56128000)]

siginfo:si_signo=SIGSEGV: si_errno=0, si_code=1 (SEGV_MAPERR), si_addr=0x0000000000000000

Registers:
RAX=0x00000000000000b1, RBX=0x0000000000000000, RCX=0x0000000000000103, RDX=0x0000010000000100
RSP=0x00007fff561248c0, RBP=0x00007fff561248d0, RSI=0x0000000000012068, RDI=0x0000000000000000
R8 =0x0000000000000040, R9 =0x00007fff7757a1e0, R10=0xffffffffffffffff, R11=0x0000000000000246
R12=0x00007fb90c165940, R13=0x00007fb90c0a2d00, R14=0x00007fb90c0a2d40, R15=0x0000000000000000
RIP=0x00000001257818e3, EFLAGS=0x0000000000010206, ERR=0x0000000000000004
  TRAPNO=0x000000000000000e

Top of Stack: (sp=0x00007fff561248c0)
0x00007fff561248c0:   00007fff56124918 00007fb90c165940
0x00007fff561248d0:   00007fff561248e0 00007fff8f441c9c
0x00007fff561248e0:   00007fff56124900 00007fff8f441c2f
0x00007fff561248f0:   0000000000000000 0000000000000000
0x00007fff56124900:   00007fff56124970 00007fff8f441ba7
0x00007fff56124910:   00007fff73e30110 00007fff742170a0
0x00007fff56124920:   0000000042000000 00007fff8f441bf0
0x00007fff56124930:   00007fff75b2e6f0 00007fb90c0a2d00
0x00007fff56124940:   00007fb90c165940 00007fff56125118
0x00007fff56124950:   00007fff75c5b6d0 00007fff56125118
0x00007fff56124960:   00007fb90c0a2d00 00007fff8f800a02
0x00007fff56124970:   00007fff561249b0 00007fff8f441912
0x00007fff56124980:   00007fff56124f90 0000000000000000
0x00007fff56124990:   00007fff75c5b6d0 00007fff56125118
0x00007fff561249a0:   00007fff9976cd40 00007fff8f800a02
0x00007fff561249b0:   00007fff561250c0 00007fff8f3fe6d2
0x00007fff561249c0:   00007fb90c200b00 0000000000000004
0x00007fff561249d0:   0000000000000000 00007fb90c113280
0x00007fff561249e0:   00007fb90c800048 00007fb90c122e20
0x00007fff561249f0:   0000000000000000 00007fb90c0a2da0
0x00007fff56124a00:   0000000000000000 0000000000000000
0x00007fff56124a10:   00007fff75b6bb50 00007fff56124f90
0x00007fff56124a20:   0000000000000001 0000000000000100
0x00007fff56124a30:   0000000000000d00 00007fff56124e90
0x00007fff56124a40:   0000000000000000 0000000000000100
0x00007fff56124a50:   4044000000000000 00007fff75c5b6d0
0x00007fff56124a60:   0000000000000000 00007fff75b2f490
0x00007fff56124a70:   00007fff75c5b6d0 0000000000000000
0x00007fff56124a80:   00007fff75b2f490 00007fb90c037600
0x00007fff56124a90:   00007fb90c200b00 00007fff9478c1b3
0x00007fff56124aa0:   00000000001c4b01 00007fff77a582c0
0x00007fff56124ab0:   00000000001c4b00 0000000077a582c0 

Instructions: (pc=0x00000001257818e3)
0x00000001257818c3:   90 90 90 90 90 90 90 90 90 90 90 90 90 55 48 89
0x00000001257818d3:   e5 48 89 5d f0 4c 89 65 f8 48 83 ec 10 48 89 fb
0x00000001257818e3:   48 8b 07 4c 8d 25 bb 49 03 00 48 8d 0d dc 75 01
0x00000001257818f3:   00 48 8d 15 09 c9 01 00 49 8b 34 24 ff 90 88 03 

Register to memory mapping:

RAX=0x00000000000000b1 is an unknown value
RBX=0x0000000000000000 is an unknown value
RCX=0x0000000000000103 is an unknown value
RDX=0x0000010000000100 is an unknown value
RSP=0x00007fff561248c0 is pointing into the stack for thread: 0x00007fb90b003000
RBP=0x00007fff561248d0 is pointing into the stack for thread: 0x00007fb90b003000
RSI=0x0000000000012068 is an unknown value
RDI=0x0000000000000000 is an unknown value
R8 =0x0000000000000040 is an unknown value
R9 =0x00007fff7757a1e0: __sFX+0x1c0 in /usr/lib/system/libsystem_c.dylib at 0x00007fff96bd7000
R10=0xffffffffffffffff is an unknown value
R11=0x0000000000000246 is an unknown value
R12=0x00007fb90c165940 is an unknown value
R13=0x00007fb90c0a2d00 is an unknown value
R14=0x00007fb90c0a2d40 is an unknown value
R15=0x0000000000000000 is an unknown value


Stack: [0x00007fff55928000,0x00007fff56128000],  sp=0x00007fff561248c0,  free space=8178k
Native frames: (J=compiled Java code, j=interpreted, Vv=VM code, C=native code)
C  [libglass.dylib+0x158e3]  GlassScreenDidChangeScreenParameters+0x13
C  [CoreFoundation+0xa0c9c]  __CFNOTIFICATIONCENTER_IS_CALLING_OUT_TO_AN_OBSERVER__+0xc
C  [CoreFoundation+0xa0c2f]  ___CFXRegistrationPost_block_invoke+0x3f
C  [CoreFoundation+0xa0ba7]  _CFXRegistrationPost+0x197
C  [CoreFoundation+0xa0912]  ___CFXNotificationPost_block_invoke+0x32
C  [CoreFoundation+0x5d6d2]  -[_CFXNotificationRegistrar find:object:observer:enumerator:]+0x782
C  [CoreFoundation+0x5c925]  _CFXNotificationPost+0x2b5
C  [Foundation+0x70fa]  -[NSNotificationCenter postNotificationName:object:userInfo:]+0x42
C  [AppKit+0x41da66]  -[NSApplication _reactToScreenInvalidationImmediately:]+0x17f
C  [AppKit+0x41d8b7]  __44-[NSApplication _reactToScreenInvalidation:]_block_invoke+0x3b
C  [CoreFoundation+0xaa4dc]  __CFRUNLOOP_IS_CALLING_OUT_TO_A_BLOCK__+0xc
C  [CoreFoundation+0x89df5]  __CFRunLoopDoBlocks+0x155
C  [CoreFoundation+0x89b5b]  __CFRunLoopRun+0x92b
C  [CoreFoundation+0x88fc8]  CFRunLoopRunSpecific+0x128
C  [java+0x73b0]  CreateExecutionEnvironment+0x367
C  [java+0x1b5c]  JLI_Launch+0x7a0
C  [java+0x770d]  main+0x65
C  [java+0x13b4]  start+0x34


---------------  P R O C E S S  ---------------

Java Threads: ( => current thread )
  0x00007fb90e016800 JavaThread "Image Fetcher 0" daemon [_thread_in_native, id=38155, stack(0x0000700001d7d000,0x0000700001e7d000)]
  0x00007fb90a95f000 JavaThread "AWT-EventQueue-0" [_thread_blocked, id=21515, stack(0x00007000014d6000,0x00007000015d6000)]
  0x00007fb90a8bd000 JavaThread "AWT-Shutdown" [_thread_blocked, id=21783, stack(0x00007000013d3000,0x00007000014d3000)]
=>0x00007fb90b003000 JavaThread "AWT-AppKit" daemon [_thread_in_native, id=2571, stack(0x00007fff55928000,0x00007fff56128000)]
  0x00007fb90d08d800 JavaThread "Abandoned connection cleanup thread" daemon [_thread_blocked, id=43803, stack(0x00007000019eb000,0x0000700001aeb000)]
  0x00007fb90c829000 JavaThread "Thread-3" daemon [_thread_blocked, id=27395, stack(0x000070000175f000,0x000070000185f000)]
  0x00007fb90d8cd000 JavaThread "Disposer" daemon [_thread_blocked, id=26883, stack(0x000070000165c000,0x000070000175c000)]
  0x00007fb90d8ee000 JavaThread "traceMsgQueueThread" daemon [_thread_blocked, id=20995, stack(0x00007000012d0000,0x00007000013d0000)]
  0x00007fb90c806000 JavaThread "Service Thread" daemon [_thread_blocked, id=19971, stack(0x00007000010ca000,0x00007000011ca000)]
  0x00007fb90d042000 JavaThread "C2 CompilerThread1" daemon [_thread_blocked, id=19459, stack(0x0000700000fc7000,0x00007000010c7000)]
  0x00007fb90d839000 JavaThread "C2 CompilerThread0" daemon [_thread_blocked, id=18947, stack(0x0000700000ec4000,0x0000700000fc4000)]
  0x00007fb90d833000 JavaThread "Signal Dispatcher" daemon [_thread_blocked, id=14863, stack(0x0000700000dc1000,0x0000700000ec1000)]
  0x00007fb90a814000 JavaThread "Finalizer" daemon [_thread_blocked, id=14339, stack(0x0000700000c3b000,0x0000700000d3b000)]
  0x00007fb90d02b000 JavaThread "Reference Handler" daemon [_thread_blocked, id=13827, stack(0x0000700000b38000,0x0000700000c38000)]
  0x00007fb90a806800 JavaThread "main" [_thread_blocked, id=5891, stack(0x000070000011a000,0x000070000021a000)]

Other Threads:
  0x00007fb90d028800 VMThread [stack: 0x0000700000a35000,0x0000700000b35000] [id=13315]
  0x00007fb90d834000 WatcherThread [stack: 0x00007000011cd000,0x00007000012cd000] [id=20483]

VM state:not at safepoint (normal execution)

VM Mutex/Monitor currently owned by a thread: None

Heap
 PSYoungGen      total 153600K, used 31767K [0x0000000755500000, 0x0000000760000000, 0x0000000800000000)
  eden space 132096K, 24% used [0x0000000755500000,0x0000000757405e30,0x000000075d600000)
  from space 21504K, 0% used [0x000000075eb00000,0x000000075eb00000,0x0000000760000000)
  to   space 21504K, 0% used [0x000000075d600000,0x000000075d600000,0x000000075eb00000)
 ParOldGen       total 349184K, used 0K [0x0000000600000000, 0x0000000615500000, 0x0000000755500000)
  object space 349184K, 0% used [0x0000000600000000,0x0000000600000000,0x0000000615500000)
 PSPermGen       total 21504K, used 11427K [0x00000005fae00000, 0x00000005fc300000, 0x0000000600000000)
  object space 21504K, 53% used [0x00000005fae00000,0x00000005fb928ee0,0x00000005fc300000)

Card table byte_map: [0x000000010e925000,0x000000010f94f000] byte_map_base: 0x000000010b94e000

Polling page: 0x0000000109dc6000

Code Cache  [0x000000010b865000, 0x000000010bad5000, 0x000000010e865000)
 total_blobs=417 nmethods=28 adapters=344 free_code_cache=48604Kb largest_free_block=49768960

Compilation events (10 events):
Event: 0.415 Thread 0x00007fb90d839000 nmethod 24% 0x000000010b8e1010 code [0x000000010b8e11e0, 0x000000010b8e19b0]
Event: 0.419 Thread 0x00007fb90d042000 nmethod 23 0x000000010b8e5650 code [0x000000010b8e5860, 0x000000010b8e6620]
Event: 0.495 Thread 0x00007fb90d839000   25 %           java.lang.String::replace @ 78 (127 bytes)
Event: 0.498 Thread 0x00007fb90d839000 nmethod 25% 0x000000010b8e24d0 code [0x000000010b8e2640, 0x000000010b8e29b8]
Event: 0.504 Thread 0x00007fb90d042000   26             java.lang.String::replace (127 bytes)
Event: 0.509 Thread 0x00007fb90d839000   27             java.lang.AbstractStringBuilder::ensureCapacityInternal (16 bytes)
Event: 0.512 Thread 0x00007fb90d042000 nmethod 26 0x000000010b8eb010 code [0x000000010b8eb180, 0x000000010b8eb698]
Event: 0.512 Thread 0x00007fb90d839000 nmethod 27 0x000000010b8e7090 code [0x000000010b8e71e0, 0x000000010b8e7478]
Event: 0.557 Thread 0x00007fb90d042000   28             java.lang.String::startsWith (72 bytes)
Event: 0.558 Thread 0x00007fb90d042000 nmethod 28 0x000000010b8e7850 code [0x000000010b8e79a0, 0x000000010b8e7af8]

GC Heap History (0 events):
No events

Deoptimization events (5 events):
Event: 0.052 Thread 0x00007fb90a806800 Uncommon trap: reason=unstable_if action=reinterpret pc=0x000000010b8c6e00 method=java.lang.String.indexOf(II)I @ 49
Event: 0.314 Thread 0x00007fb90c814000 Uncommon trap: reason=unstable_if action=reinterpret pc=0x000000010b8cba20 method=java.lang.String.replace(CC)Ljava/lang/String; @ 2
Event: 0.335 Thread 0x00007fb90c814000 Uncommon trap: reason=unstable_if action=reinterpret pc=0x000000010b8dcba0 method=java.util.Properties$LineReader.readLine()I @ 424
Event: 0.416 Thread 0x00007fb90c814000 Uncommon trap: reason=predicate action=maybe_recompile pc=0x000000010b8d48b4 method=sun.net.www.ParseUtil.encodePath(Ljava/lang/String;Z)Ljava/lang/String; @ 36
Event: 0.558 Thread 0x00007fb90a95f000 Uncommon trap: reason=unstable_if action=reinterpret pc=0x000000010b8e7aa0 method=java.lang.String.startsWith(Ljava/lang/String;I)Z @ 25

Internal exceptions (10 events):
Event: 0.535 Thread 0x00007fb90a806800 Threw 0x000000075575bbd8 at /Users/java_re/workspace/7u-2-build-macosx-x86_64/jdk7u80/2329/hotspot/src/share/vm/prims/jvm.cpp:1319
Event: 0.535 Thread 0x00007fb90a806800 Threw 0x000000075575c290 at /Users/java_re/workspace/7u-2-build-macosx-x86_64/jdk7u80/2329/hotspot/src/share/vm/prims/jvm.cpp:1319
Event: 0.555 Thread 0x00007fb90a95f000 Threw 0x0000000756f2d6a8 at /Users/java_re/workspace/7u-2-build-macosx-x86_64/jdk7u80/2329/hotspot/src/share/vm/prims/jvm.cpp:1319
Event: 0.555 Thread 0x00007fb90a95f000 Threw 0x0000000756f2ddd8 at /Users/java_re/workspace/7u-2-build-macosx-x86_64/jdk7u80/2329/hotspot/src/share/vm/prims/jvm.cpp:1319
Event: 0.556 Thread 0x00007fb90a95f000 Threw 0x0000000756f319a0 at /Users/java_re/workspace/7u-2-build-macosx-x86_64/jdk7u80/2329/hotspot/src/share/vm/prims/jvm.cpp:1319
Event: 0.556 Thread 0x00007fb90a95f000 Threw 0x0000000756f320f0 at /Users/java_re/workspace/7u-2-build-macosx-x86_64/jdk7u80/2329/hotspot/src/share/vm/prims/jvm.cpp:1319
Event: 0.557 Thread 0x00007fb90a95f000 Threw 0x0000000756f38770 at /Users/java_re/workspace/7u-2-build-macosx-x86_64/jdk7u80/2329/hotspot/src/share/vm/prims/jvm.cpp:1319
Event: 0.557 Thread 0x00007fb90a95f000 Threw 0x0000000756f38ea0 at /Users/java_re/workspace/7u-2-build-macosx-x86_64/jdk7u80/2329/hotspot/src/share/vm/prims/jvm.cpp:1319
Event: 0.557 Thread 0x00007fb90a95f000 Threw 0x0000000756f3ca08 at /Users/java_re/workspace/7u-2-build-macosx-x86_64/jdk7u80/2329/hotspot/src/share/vm/prims/jvm.cpp:1319
Event: 0.557 Thread 0x00007fb90a95f000 Threw 0x0000000756f3d158 at /Users/java_re/workspace/7u-2-build-macosx-x86_64/jdk7u80/2329/hotspot/src/share/vm/prims/jvm.cpp:1319

Events (10 events):
Event: 0.569 loading class 0x00007fb90d94d270
Event: 0.569 loading class 0x00007fb90d94d270 done
Event: 0.569 loading class 0x00007fb90d94cfa0
Event: 0.569 loading class 0x00007fb90d94cfa0 done
Event: 0.569 loading class 0x00007fb90d94cee0
Event: 0.569 loading class 0x00007fb90d94d590
Event: 0.569 loading class 0x00007fb90d94d590 done
Event: 0.569 loading class 0x00007fb90d94cee0 done
Event: 0.569 loading class 0x00007fb90d882480
Event: 0.569 loading class 0x00007fb90d882480 done


Dynamic libraries:
0x000000000363b000 	/System/Library/Frameworks/Cocoa.framework/Versions/A/Cocoa
0x000000000363b000 	/System/Library/Frameworks/Security.framework/Versions/A/Security
0x000000000363b000 	/System/Library/Frameworks/ApplicationServices.framework/Versions/A/ApplicationServices
0x000000000363b000 	/usr/lib/libz.1.dylib
0x000000000363b000 	/usr/lib/libSystem.B.dylib
0x000000000363b000 	/usr/lib/libobjc.A.dylib
0x000000000363b000 	/System/Library/Frameworks/CoreFoundation.framework/Versions/A/CoreFoundation
0x000000000363b000 	/System/Library/Frameworks/Foundation.framework/Versions/C/Foundation
0x000000000363b000 	/System/Library/Frameworks/AppKit.framework/Versions/C/AppKit
0x000000000363b000 	/System/Library/Frameworks/CoreData.framework/Versions/A/CoreData
0x000000000363b000 	/System/Library/PrivateFrameworks/RemoteViewServices.framework/Versions/A/RemoteViewServices
0x000000000363b000 	/System/Library/PrivateFrameworks/UIFoundation.framework/Versions/A/UIFoundation
0x000000000363b000 	/usr/lib/libScreenReader.dylib
0x000000000363b000 	/System/Library/Frameworks/Accelerate.framework/Versions/A/Accelerate
0x000000000363b000 	/System/Library/Frameworks/IOSurface.framework/Versions/A/IOSurface
0x000000000363b000 	/System/Library/Frameworks/AudioToolbox.framework/Versions/A/AudioToolbox
0x000000000363b000 	/System/Library/Frameworks/AudioUnit.framework/Versions/A/AudioUnit
0x000000000363b000 	/System/Library/PrivateFrameworks/DataDetectorsCore.framework/Versions/A/DataDetectorsCore
0x000000000363b000 	/System/Library/PrivateFrameworks/DesktopServicesPriv.framework/Versions/A/DesktopServicesPriv
0x000000000363b000 	/System/Library/Frameworks/Carbon.framework/Versions/A/Frameworks/HIToolbox.framework/Versions/A/HIToolbox
0x000000000363b000 	/System/Library/Frameworks/QuartzCore.framework/Versions/A/QuartzCore
0x000000000363b000 	/System/Library/Frameworks/Carbon.framework/Versions/A/Frameworks/SpeechRecognition.framework/Versions/A/SpeechRecognition
0x000000000363b000 	/usr/lib/libauto.dylib
0x000000000363b000 	/usr/lib/libicucore.A.dylib
0x000000000363b000 	/usr/lib/libxml2.2.dylib
0x000000000363b000 	/System/Library/PrivateFrameworks/CoreUI.framework/Versions/A/CoreUI
0x000000000363b000 	/System/Library/Frameworks/CoreAudio.framework/Versions/A/CoreAudio
0x000000000363b000 	/System/Library/Frameworks/DiskArbitration.framework/Versions/A/DiskArbitration
0x000000000363b000 	/usr/lib/liblangid.dylib
0x000000000363b000 	/System/Library/PrivateFrameworks/MultitouchSupport.framework/Versions/A/MultitouchSupport
0x000000000363b000 	/System/Library/Frameworks/IOKit.framework/Versions/A/IOKit
0x000000000363b000 	/usr/lib/libDiagnosticMessagesClient.dylib
0x000000000363b000 	/System/Library/Frameworks/CoreServices.framework/Versions/A/CoreServices
0x000000000363b000 	/System/Library/PrivateFrameworks/PerformanceAnalysis.framework/Versions/A/PerformanceAnalysis
0x000000000363b000 	/System/Library/PrivateFrameworks/GenerationalStorage.framework/Versions/A/GenerationalStorage
0x000000000363b000 	/System/Library/Frameworks/OpenGL.framework/Versions/A/OpenGL
0x000000000363b000 	/System/Library/PrivateFrameworks/Sharing.framework/Versions/A/Sharing
0x000000000363b000 	/System/Library/Frameworks/CoreGraphics.framework/Versions/A/CoreGraphics
0x000000000363b000 	/System/Library/Frameworks/CoreImage.framework/Versions/A/CoreImage
0x000000000363b000 	/System/Library/Frameworks/CoreText.framework/Versions/A/CoreText
0x000000000363b000 	/System/Library/Frameworks/ImageIO.framework/Versions/A/ImageIO
0x000000000363b000 	/System/Library/PrivateFrameworks/Backup.framework/Versions/A/Backup
0x000000000363b000 	/usr/lib/libextension.dylib
0x000000000363b000 	/usr/lib/libarchive.2.dylib
0x000000000363b000 	/System/Library/Frameworks/CFNetwork.framework/Versions/A/CFNetwork
0x000000000363b000 	/System/Library/Frameworks/SystemConfiguration.framework/Versions/A/SystemConfiguration
0x000000000363b000 	/usr/lib/libCRFSuite.dylib
0x000000000363b000 	/usr/lib/libc++.1.dylib
0x000000000363b000 	/usr/lib/libc++abi.dylib
0x000000000363b000 	/usr/lib/system/libcache.dylib
0x000000000363b000 	/usr/lib/system/libcommonCrypto.dylib
0x000000000363b000 	/usr/lib/system/libcompiler_rt.dylib
0x000000000363b000 	/usr/lib/system/libcopyfile.dylib
0x000000000363b000 	/usr/lib/system/libcorecrypto.dylib
0x000000000363b000 	/usr/lib/system/libdispatch.dylib
0x000000000363b000 	/usr/lib/system/libdyld.dylib
0x000000000363b000 	/usr/lib/system/libkeymgr.dylib
0x000000000363b000 	/usr/lib/system/liblaunch.dylib
0x000000000363b000 	/usr/lib/system/libmacho.dylib
0x000000000363b000 	/usr/lib/system/libquarantine.dylib
0x000000000363b000 	/usr/lib/system/libremovefile.dylib
0x000000000363b000 	/usr/lib/system/libsystem_asl.dylib
0x000000000363b000 	/usr/lib/system/libsystem_blocks.dylib
0x000000000363b000 	/usr/lib/system/libsystem_c.dylib
0x000000000363b000 	/usr/lib/system/libsystem_configuration.dylib
0x000000000363b000 	/usr/lib/system/libsystem_coreservices.dylib
0x000000000363b000 	/usr/lib/system/libsystem_coretls.dylib
0x000000000363b000 	/usr/lib/system/libsystem_dnssd.dylib
0x000000000363b000 	/usr/lib/system/libsystem_info.dylib
0x000000000363b000 	/usr/lib/system/libsystem_kernel.dylib
0x000000000363b000 	/usr/lib/system/libsystem_m.dylib
0x000000000363b000 	/usr/lib/system/libsystem_malloc.dylib
0x000000000363b000 	/usr/lib/system/libsystem_network.dylib
0x000000000363b000 	/usr/lib/system/libsystem_networkextension.dylib
0x000000000363b000 	/usr/lib/system/libsystem_notify.dylib
0x000000000363b000 	/usr/lib/system/libsystem_platform.dylib
0x000000000363b000 	/usr/lib/system/libsystem_pthread.dylib
0x000000000363b000 	/usr/lib/system/libsystem_sandbox.dylib
0x000000000363b000 	/usr/lib/system/libsystem_secinit.dylib
0x000000000363b000 	/usr/lib/system/libsystem_trace.dylib
0x000000000363b000 	/usr/lib/system/libunc.dylib
0x000000000363b000 	/usr/lib/system/libunwind.dylib
0x000000000363b000 	/usr/lib/system/libxpc.dylib
0x000000000363b000 	/usr/lib/libenergytrace.dylib
0x000000000363b000 	/usr/lib/libbsm.0.dylib
0x000000000363b000 	/usr/lib/system/libkxld.dylib
0x000000000363b000 	/usr/lib/libxar.1.dylib
0x000000000363b000 	/usr/lib/libsqlite3.dylib
0x000000000363b000 	/usr/lib/libpam.2.dylib
0x000000000363b000 	/usr/lib/libOpenScriptingUtil.dylib
0x000000000363b000 	/usr/lib/libbz2.1.0.dylib
0x000000000363b000 	/usr/lib/liblzma.5.dylib
0x000000000363b000 	/System/Library/Frameworks/CoreServices.framework/Versions/A/Frameworks/FSEvents.framework/Versions/A/FSEvents
0x000000000363b000 	/System/Library/Frameworks/CoreServices.framework/Versions/A/Frameworks/CarbonCore.framework/Versions/A/CarbonCore
0x000000000363b000 	/System/Library/Frameworks/CoreServices.framework/Versions/A/Frameworks/Metadata.framework/Versions/A/Metadata
0x000000000363b000 	/System/Library/Frameworks/CoreServices.framework/Versions/A/Frameworks/OSServices.framework/Versions/A/OSServices
0x000000000363b000 	/System/Library/Frameworks/CoreServices.framework/Versions/A/Frameworks/SearchKit.framework/Versions/A/SearchKit
0x000000000363b000 	/System/Library/Frameworks/CoreServices.framework/Versions/A/Frameworks/AE.framework/Versions/A/AE
0x000000000363b000 	/System/Library/Frameworks/CoreServices.framework/Versions/A/Frameworks/LaunchServices.framework/Versions/A/LaunchServices
0x000000000363b000 	/System/Library/Frameworks/CoreServices.framework/Versions/A/Frameworks/DictionaryServices.framework/Versions/A/DictionaryServices
0x000000000363b000 	/System/Library/Frameworks/CoreServices.framework/Versions/A/Frameworks/SharedFileList.framework/Versions/A/SharedFileList
0x000000000363b000 	/System/Library/Frameworks/NetFS.framework/Versions/A/NetFS
0x000000000363b000 	/System/Library/PrivateFrameworks/NetAuth.framework/Versions/A/NetAuth
0x000000000363b000 	/System/Library/PrivateFrameworks/login.framework/Versions/A/Frameworks/loginsupport.framework/Versions/A/loginsupport
0x000000000363b000 	/System/Library/PrivateFrameworks/TCC.framework/Versions/A/TCC
0x000000000363b000 	/usr/lib/libmecabra.dylib
0x000000000363b000 	/System/Library/Frameworks/ApplicationServices.framework/Versions/A/Frameworks/ATS.framework/Versions/A/ATS
0x000000000363b000 	/System/Library/Frameworks/ApplicationServices.framework/Versions/A/Frameworks/ColorSync.framework/Versions/A/ColorSync
0x000000000363b000 	/System/Library/Frameworks/ApplicationServices.framework/Versions/A/Frameworks/HIServices.framework/Versions/A/HIServices
0x000000000363b000 	/System/Library/Frameworks/ApplicationServices.framework/Versions/A/Frameworks/LangAnalysis.framework/Versions/A/LangAnalysis
0x000000000363b000 	/System/Library/Frameworks/ApplicationServices.framework/Versions/A/Frameworks/PrintCore.framework/Versions/A/PrintCore
0x000000000363b000 	/System/Library/Frameworks/ApplicationServices.framework/Versions/A/Frameworks/QD.framework/Versions/A/QD
0x000000000363b000 	/System/Library/Frameworks/ApplicationServices.framework/Versions/A/Frameworks/SpeechSynthesis.framework/Versions/A/SpeechSynthesis
0x000000000363b000 	/System/Library/Frameworks/Metal.framework/Versions/A/Metal
0x000000000363b000 	/System/Library/Frameworks/Accelerate.framework/Versions/A/Frameworks/vImage.framework/Versions/A/vImage
0x000000000363b000 	/System/Library/Frameworks/Accelerate.framework/Versions/A/Frameworks/vecLib.framework/Versions/A/vecLib
0x000000000363b000 	/System/Library/Frameworks/Accelerate.framework/Versions/A/Frameworks/vecLib.framework/Versions/A/libvDSP.dylib
0x000000000363b000 	/System/Library/Frameworks/Accelerate.framework/Versions/A/Frameworks/vecLib.framework/Versions/A/libvMisc.dylib
0x000000000363b000 	/System/Library/Frameworks/Accelerate.framework/Versions/A/Frameworks/vecLib.framework/Versions/A/libLAPACK.dylib
0x000000000363b000 	/System/Library/Frameworks/Accelerate.framework/Versions/A/Frameworks/vecLib.framework/Versions/A/libBLAS.dylib
0x000000000363b000 	/System/Library/Frameworks/Accelerate.framework/Versions/A/Frameworks/vecLib.framework/Versions/A/libLinearAlgebra.dylib
0x000000000363b000 	/System/Library/Frameworks/Accelerate.framework/Versions/A/Frameworks/vecLib.framework/Versions/A/libSparseBLAS.dylib
0x000000000363b000 	/System/Library/PrivateFrameworks/GPUCompiler.framework/libmetal_timestamp.dylib
0x000000000363b000 	/System/Library/Frameworks/OpenGL.framework/Versions/A/Libraries/libCoreFSCache.dylib
0x000000000363b000 	/System/Library/PrivateFrameworks/IOAccelerator.framework/Versions/A/IOAccelerator
0x000000000363b000 	/System/Library/Frameworks/ApplicationServices.framework/Versions/A/Frameworks/ATS.framework/Versions/A/Resources/libFontParser.dylib
0x000000000363b000 	/System/Library/Frameworks/ApplicationServices.framework/Versions/A/Frameworks/ATS.framework/Versions/A/Resources/libFontRegistry.dylib
0x000000000363b000 	/System/Library/PrivateFrameworks/AppleVPA.framework/Versions/A/AppleVPA
0x000000000363b000 	/System/Library/PrivateFrameworks/AppleJPEG.framework/Versions/A/AppleJPEG
0x000000000363b000 	/System/Library/Frameworks/ImageIO.framework/Versions/A/Resources/libJPEG.dylib
0x000000000363b000 	/System/Library/Frameworks/ImageIO.framework/Versions/A/Resources/libTIFF.dylib
0x000000000363b000 	/System/Library/Frameworks/ImageIO.framework/Versions/A/Resources/libPng.dylib
0x000000000363b000 	/System/Library/Frameworks/ImageIO.framework/Versions/A/Resources/libGIF.dylib
0x000000000363b000 	/System/Library/Frameworks/ImageIO.framework/Versions/A/Resources/libJP2.dylib
0x000000000363b000 	/System/Library/Frameworks/ImageIO.framework/Versions/A/Resources/libRadiance.dylib
0x000000000363b000 	/System/Library/Frameworks/CoreVideo.framework/Versions/A/CoreVideo
0x000000000363b000 	/System/Library/Frameworks/OpenGL.framework/Versions/A/Libraries/libGLU.dylib
0x000000000363b000 	/System/Library/Frameworks/OpenGL.framework/Versions/A/Libraries/libGFXShared.dylib
0x000000000363b000 	/System/Library/Frameworks/OpenGL.framework/Versions/A/Libraries/libGL.dylib
0x000000000363b000 	/System/Library/Frameworks/OpenGL.framework/Versions/A/Libraries/libGLImage.dylib
0x000000000363b000 	/System/Library/Frameworks/OpenGL.framework/Versions/A/Libraries/libCVMSPluginSupport.dylib
0x000000000363b000 	/System/Library/Frameworks/OpenGL.framework/Versions/A/Libraries/libCoreVMClient.dylib
0x000000000363b000 	/usr/lib/libcups.2.dylib
0x000000000363b000 	/System/Library/Frameworks/Kerberos.framework/Versions/A/Kerberos
0x000000000363b000 	/System/Library/Frameworks/GSS.framework/Versions/A/GSS
0x000000000363b000 	/usr/lib/libresolv.9.dylib
0x000000000363b000 	/usr/lib/libiconv.2.dylib
0x000000000363b000 	/System/Library/PrivateFrameworks/Heimdal.framework/Versions/A/Heimdal
0x000000000363b000 	/usr/lib/libheimdal-asn1.dylib
0x000000000363b000 	/System/Library/Frameworks/OpenDirectory.framework/Versions/A/OpenDirectory
0x000000000363b000 	/System/Library/PrivateFrameworks/CommonAuth.framework/Versions/A/CommonAuth
0x000000000363b000 	/System/Library/Frameworks/OpenDirectory.framework/Versions/A/Frameworks/CFOpenDirectory.framework/Versions/A/CFOpenDirectory
0x000000000363b000 	/System/Library/Frameworks/SecurityFoundation.framework/Versions/A/SecurityFoundation
0x000000000363b000 	/System/Library/PrivateFrameworks/LanguageModeling.framework/Versions/A/LanguageModeling
0x000000000363b000 	/usr/lib/libmarisa.dylib
0x000000000363b000 	/usr/lib/libChineseTokenizer.dylib
0x000000000363b000 	/usr/lib/libcmph.dylib
0x000000000363b000 	/usr/lib/libcompression.dylib
0x000000000363b000 	/System/Library/Frameworks/ServiceManagement.framework/Versions/A/ServiceManagement
0x000000000363b000 	/usr/lib/libxslt.1.dylib
0x000000000363b000 	/System/Library/Frameworks/Carbon.framework/Versions/A/Frameworks/Ink.framework/Versions/A/Ink
0x000000000363b000 	/usr/lib/libFosl_dynamic.dylib
0x000000000363b000 	/System/Library/PrivateFrameworks/FaceCore.framework/Versions/A/FaceCore
0x000000000363b000 	/System/Library/Frameworks/OpenCL.framework/Versions/A/OpenCL
0x000000000363b000 	/System/Library/PrivateFrameworks/CrashReporterSupport.framework/Versions/A/CrashReporterSupport
0x000000000363b000 	/System/Library/PrivateFrameworks/IconServices.framework/Versions/A/IconServices
0x000000000363b000 	/System/Library/PrivateFrameworks/Apple80211.framework/Versions/A/Apple80211
0x000000000363b000 	/System/Library/Frameworks/CoreWLAN.framework/Versions/A/CoreWLAN
0x000000000363b000 	/System/Library/Frameworks/IOBluetooth.framework/Versions/A/IOBluetooth
0x000000000363b000 	/System/Library/PrivateFrameworks/CoreWiFi.framework/Versions/A/CoreWiFi
0x000000000363b000 	/System/Library/Frameworks/CoreBluetooth.framework/Versions/A/CoreBluetooth
0x000000000363b000 	/System/Library/PrivateFrameworks/ChunkingLibrary.framework/Versions/A/ChunkingLibrary
0x000000000363b000 	/System/Library/PrivateFrameworks/DebugSymbols.framework/Versions/A/DebugSymbols
0x000000000363b000 	/System/Library/PrivateFrameworks/CoreSymbolication.framework/Versions/A/CoreSymbolication
0x000000000363b000 	/System/Library/PrivateFrameworks/Symbolication.framework/Versions/A/Symbolication
0x000000000363b000 	/System/Library/PrivateFrameworks/SpeechRecognitionCore.framework/Versions/A/SpeechRecognitionCore
0x000000010ae00000 	/Library/Java/JavaVirtualMachines/jdk1.7.0_80.jdk/Contents/Home/jre/lib/server/libjvm.dylib
0x000000000363b000 	/usr/lib/libstdc++.6.dylib
0x0000000109d89000 	/Library/Java/JavaVirtualMachines/jdk1.7.0_80.jdk/Contents/Home/jre/lib/libverify.dylib
0x0000000109d96000 	/Library/Java/JavaVirtualMachines/jdk1.7.0_80.jdk/Contents/Home/jre/lib/libjava.dylib
0x0000000109dd0000 	/Library/Java/JavaVirtualMachines/jdk1.7.0_80.jdk/Contents/Home/jre/lib/libzip.dylib
0x000000012366f000 	/System/Library/Frameworks/JavaVM.framework/Frameworks/JavaRuntimeSupport.framework/JavaRuntimeSupport
0x000000012368a000 	/System/Library/Frameworks/JavaVM.framework/Versions/A/Frameworks/JavaNativeFoundation.framework/Versions/A/JavaNativeFoundation
0x000000012369f000 	/System/Library/Frameworks/JavaVM.framework/Versions/A/JavaVM
0x000000000363b000 	/System/Library/Frameworks/Carbon.framework/Versions/A/Carbon
0x00000001236ac000 	/System/Library/PrivateFrameworks/JavaLaunching.framework/Versions/A/JavaLaunching
0x000000000363b000 	/System/Library/Frameworks/Carbon.framework/Versions/A/Frameworks/CommonPanels.framework/Versions/A/CommonPanels
0x000000000363b000 	/System/Library/Frameworks/Carbon.framework/Versions/A/Frameworks/Help.framework/Versions/A/Help
0x000000000363b000 	/System/Library/Frameworks/Carbon.framework/Versions/A/Frameworks/ImageCapture.framework/Versions/A/ImageCapture
0x000000000363b000 	/System/Library/Frameworks/Carbon.framework/Versions/A/Frameworks/OpenScripting.framework/Versions/A/OpenScripting
0x000000000363b000 	/System/Library/Frameworks/Carbon.framework/Versions/A/Frameworks/Print.framework/Versions/A/Print
0x000000000363b000 	/System/Library/Frameworks/Carbon.framework/Versions/A/Frameworks/SecurityHI.framework/Versions/A/SecurityHI
0x00000001250b6000 	/Library/Java/JavaVirtualMachines/jdk1.7.0_80.jdk/Contents/Home/jre/lib/libdeploy.dylib
0x00000001250de000 	/Library/Java/JavaVirtualMachines/jdk1.7.0_80.jdk/Contents/Home/jre/lib/jli/./libjli.dylib
0x000000012510a000 	/Library/Java/JavaVirtualMachines/jdk1.7.0_80.jdk/Contents/Home/jre/lib/libprism-es2.dylib
0x000000000363b000 	/System/Library/Frameworks/OpenGL.framework/Versions/A/Resources/GLEngine.bundle/GLEngine
0x000000000363b000 	/System/Library/Frameworks/OpenGL.framework/Versions/A/Libraries/libGLProgrammability.dylib
0x0000000125186000 	/System/Library/Extensions/AMDRadeonX4000GLDriver.bundle/Contents/MacOS/AMDRadeonX4000GLDriver
0x000000000363b000 	/System/Library/PrivateFrameworks/GPUSupport.framework/Versions/A/Libraries/libGPUSupportMercury.dylib
0x0000000125252000 	/System/Library/Extensions/AMDRadeonX4000GLDriver.bundle/Contents/MacOS/ATIRadeonX4000SCLib.dylib
0x000000000363b000 	/System/Library/Frameworks/OpenGL.framework/Versions/A/Resources/GLRendererFloat.bundle/GLRendererFloat
0x000000000363b000 	/System/Library/Frameworks/OpenCL.framework/Versions/A/Libraries/libcldcpuengine.dylib
0x000000000363b000 	/System/Library/PrivateFrameworks/DiskImages.framework/Versions/A/DiskImages
0x000000000363b000 	/System/Library/Frameworks/DiscRecording.framework/Versions/A/DiscRecording
0x000000000363b000 	/usr/lib/libcsfde.dylib
0x000000000363b000 	/usr/lib/libcurl.4.dylib
0x000000000363b000 	/System/Library/PrivateFrameworks/MediaKit.framework/Versions/A/MediaKit
0x000000000363b000 	/System/Library/PrivateFrameworks/ProtectedCloudStorage.framework/Versions/A/ProtectedCloudStorage
0x000000000363b000 	/usr/lib/libCoreStorage.dylib
0x000000000363b000 	/System/Library/PrivateFrameworks/EFILogin.framework/Versions/A/EFILogin
0x000000000363b000 	/usr/lib/libutil.dylib
0x000000000363b000 	/System/Library/PrivateFrameworks/FindMyDevice.framework/Versions/A/FindMyDevice
0x000000000363b000 	/System/Library/Frameworks/LDAP.framework/Versions/A/LDAP
0x000000000363b000 	/usr/lib/libsasl2.2.dylib
0x000000000363b000 	/System/Library/PrivateFrameworks/CoreDaemon.framework/Versions/B/CoreDaemon
0x000000000363b000 	/usr/lib/libcrypto.0.9.8.dylib
0x000000000363b000 	/System/Library/PrivateFrameworks/AppleSRP.framework/Versions/A/AppleSRP
0x000000000363b000 	/System/Library/PrivateFrameworks/TrustEvaluationAgent.framework/Versions/A/TrustEvaluationAgent
0x000000012576c000 	/Library/Java/JavaVirtualMachines/jdk1.7.0_80.jdk/Contents/Home/jre/lib/libglass.dylib
0x000000000363b000 	/System/Library/PrivateFrameworks/CoreServicesInternal.framework/Versions/A/CoreServicesInternal
0x0000000125f44000 	/System/Library/CoreServices/RawCamera.bundle/Contents/MacOS/RawCamera
0x000000000363b000 	/System/Library/Frameworks/CoreGraphics.framework/Versions/A/Resources/libRIP.A.dylib
0x000000000363b000 	/System/Library/Frameworks/Accelerate.framework/Versions/A/Frameworks/vImage.framework/Versions/A/Libraries/libCGInterfaces.dylib
0x000000000363b000 	/System/Library/PrivateFrameworks/FamilyControls.framework/Versions/A/FamilyControls
0x000000000363b000 	/System/Library/PrivateFrameworks/CommerceKit.framework/Versions/A/Frameworks/CommerceCore.framework/Versions/A/CommerceCore
0x000000000363b000 	/System/Library/PrivateFrameworks/SystemAdministration.framework/Versions/A/SystemAdministration
0x000000000363b000 	/System/Library/PrivateFrameworks/AppContainer.framework/Versions/A/AppContainer
0x000000000363b000 	/System/Library/PrivateFrameworks/SecCodeWrapper.framework/Versions/A/SecCodeWrapper
0x000000000363b000 	/System/Library/Frameworks/DirectoryService.framework/Versions/A/DirectoryService
0x000000000363b000 	/System/Library/PrivateFrameworks/LoginUIKit.framework/Versions/A/Frameworks/LoginUICore.framework/Versions/A/LoginUICore
0x000000000363b000 	/usr/lib/libodfde.dylib
0x00000001279b0000 	/Library/Java/JavaVirtualMachines/jdk1.7.0_80.jdk/Contents/Home/jre/lib/libnio.dylib
0x00000001279bf000 	/Library/Java/JavaVirtualMachines/jdk1.7.0_80.jdk/Contents/Home/jre/lib/./libnet.dylib
0x000000000363b000 	/System/Library/Frameworks/CoreGraphics.framework/Versions/A/Resources/libCGXType.A.dylib
0x0000000128898000 	cl_kernels
0x000000000363b000 	/System/Library/Frameworks/OpenCL.framework/Versions/A/Libraries/ImageFormats/unorm8_bgra.dylib
0x000000000363b000 	/System/Library/Frameworks/OpenCL.framework/Versions/A/Libraries/ImageFormats/unorm8_rgba.dylib
0x0000000128996000 	/Library/Java/JavaVirtualMachines/jdk1.7.0_80.jdk/Contents/Home/jre/lib/libawt.dylib
0x0000000128a45000 	/Library/Java/JavaVirtualMachines/jdk1.7.0_80.jdk/Contents/Home/jre/lib/./libmlib_image.dylib
0x0000000128b11000 	/Library/Java/JavaVirtualMachines/jdk1.7.0_80.jdk/Contents/Home/jre/lib/lwawt/liblwawt.dylib
0x0000000128bc7000 	/Library/Java/JavaVirtualMachines/jdk1.7.0_80.jdk/Contents/Home/jre/lib/libosxapp.dylib
0x000000000363b000 	/System/Library/Frameworks/ExceptionHandling.framework/Versions/A/ExceptionHandling
0x0000000128be3000 	/Library/Java/JavaVirtualMachines/jdk1.7.0_80.jdk/Contents/Home/jre/lib/libfontmanager.dylib

VM Arguments:
jvm_args: -Dfile.encoding=UTF-8 
java_command: /Users/jdor/NetBeansProjects/FastenYourSeatbelt/fasten your seatbelt/dist/run1411114147/fasten your seatbelt.jar
Launcher Type: SUN_STANDARD

Environment Variables:
PATH=/usr/bin:/bin:/usr/sbin:/sbin
LD_LIBRARY_PATH=/Library/Java/JavaVirtualMachines/jdk1.7.0_80.jdk/Contents/Home/jre/lib/amd64:/Library/Java/JavaVirtualMachines/jdk1.7.0_80.jdk/Contents/Home/jre/lib/i386:
SHELL=/bin/bash

Signal Handlers:
SIGSEGV: [libjvm.dylib+0x52e8c9], sa_mask[0]=0xfffefeff, sa_flags=0x00000043
SIGBUS: [libjvm.dylib+0x52e8c9], sa_mask[0]=0xfffefeff, sa_flags=0x00000042
SIGFPE: [libjvm.dylib+0x42022e], sa_mask[0]=0xfffefeff, sa_flags=0x00000042
SIGPIPE: [libjvm.dylib+0x42022e], sa_mask[0]=0xfffefeff, sa_flags=0x00000042
SIGXFSZ: [libjvm.dylib+0x42022e], sa_mask[0]=0xfffefeff, sa_flags=0x00000042
SIGILL: [libjvm.dylib+0x42022e], sa_mask[0]=0xfffefeff, sa_flags=0x00000042
SIGUSR1: SIG_DFL, sa_mask[0]=0x00000000, sa_flags=0x00000000
SIGUSR2: [libjvm.dylib+0x41fd20], sa_mask[0]=0x00000004, sa_flags=0x00000042
SIGHUP: [libjvm.dylib+0x41dfd5], sa_mask[0]=0xfffefeff, sa_flags=0x00000042
SIGINT: SIG_IGN, sa_mask[0]=0x00000000, sa_flags=0x00000000
SIGTERM: [libjvm.dylib+0x41dfd5], sa_mask[0]=0xfffefeff, sa_flags=0x00000042
SIGQUIT: [libjvm.dylib+0x41dfd5], sa_mask[0]=0xfffefeff, sa_flags=0x00000042


---------------  S Y S T E M  ---------------

OS:Bsduname:Darwin 15.0.0 Darwin Kernel Version 15.0.0: Sat Sep 19 15:53:46 PDT 2015; root:xnu-3247.10.11~1/RELEASE_X86_64 x86_64
rlimit: STACK 8192k, CORE 0k, NPROC 709, NOFILE 10240, AS infinity
load average:3.18 2.91 2.88

CPU:total 8 (4 cores per cpu, 2 threads per core) family 6 model 60 stepping 3, cmov, cx8, fxsr, mmx, sse, sse2, sse3, ssse3, sse4.1, sse4.2, popcnt, avx, avx2, aes, erms, ht, tsc, tscinvbit

Memory: 4k page, physical 33554432k(8388608k free)

/proc/meminfo:


vm_info: Java HotSpot(TM) 64-Bit Server VM (24.80-b11) for bsd-amd64 JRE (1.7.0_80-b15), built on Apr 10 2015 11:25:43 by "java_re" with gcc 4.2.1 (Based on Apple Inc. build 5658) (LLVM build 2336.11.00)

time: Wed Dec 30 12:09:26 2015
elapsed time: 0 seconds

